2025-01-27 13:51:53,728 - root - INFO - Logging setup completed.
2025-01-27 13:52:22,364 - root - INFO - Logging setup completed.
2025-01-27 13:52:22,390 - dataset.aave_basic - INFO - cached encoded data is read from transactions_user_market_time_train.encoded.csv
2025-01-27 13:52:22,477 - dataset.aave_basic - INFO - read data : (10000, 128)
2025-01-27 13:52:22,483 - dataset.aave_basic - INFO - using cached vocab from /data/IDEA_DeFi_Research/LTM/Data/Lending_Protocols/Aave/V2/Mainnet/vocab/vocab_ob
2025-01-27 13:52:22,523 - dataset.aave - INFO - preparing user level data...
2025-01-27 13:52:22,962 - dataset.aave - INFO - creating transaction samples with vocab
2025-01-27 13:52:23,389 - dataset.aave - INFO - ncols: 125
2025-01-27 13:52:23,389 - dataset.aave - INFO - no of samples 2011
2025-01-27 13:52:23,393 - main - INFO - vocab size: 1732
2025-01-27 13:52:23,393 - main - INFO - dataset size: 2011
2025-01-27 13:52:23,640 - dataset.aave_basic - INFO - cached encoded data is read from transactions_user_market_time_train.encoded.csv
2025-01-27 13:52:23,680 - dataset.aave_basic - INFO - read data : (10000, 128)
2025-01-27 13:52:23,680 - dataset.aave_basic - INFO - using cached vocab from /data/IDEA_DeFi_Research/LTM/Data/Lending_Protocols/Aave/V2/Mainnet/vocab/vocab_ob
2025-01-27 13:52:23,693 - dataset.aave - INFO - preparing user level data...
2025-01-27 13:52:24,122 - dataset.aave - INFO - creating transaction samples with vocab
2025-01-27 13:52:24,667 - dataset.aave - INFO - ncols: 125
2025-01-27 13:52:24,667 - dataset.aave - INFO - no of samples 2011
2025-01-27 13:52:24,671 - main - INFO - test dataset size: 2011
2025-01-27 13:52:24,671 - main - INFO - # Using external test dataset, lengths: train [1689]  valid [322]  test [2011]
2025-01-27 13:52:24,671 - main - INFO - # lengths: train [0.42]  valid [0.08]  test [0.50]
2025-01-27 13:52:57,455 - main - INFO - model initiated: <class 'models.modules.TabFormerHierarchicalLM'>
2025-01-27 13:52:57,457 - main - INFO - Total parameters: 3745390660
2025-01-27 13:52:57,457 - main - INFO - Trainable parameters: 3745390660
2025-01-27 13:52:57,457 - main - INFO - collator class: TransDataCollatorForLanguageModeling
2025-02-26 14:27:47,237 - root - INFO - Running preprocess
2025-02-26 14:27:47,238 - root - INFO - Train and test data have already been preprocessed. Skipping preprocess.
2025-02-26 14:27:47,238 - root - INFO - Preprocess complete
2025-02-26 14:27:47,238 - root - INFO - Running preload
2025-02-26 14:28:08,312 - dataset.preload - INFO - read data : (2422845, 51)
2025-02-26 14:28:08,313 - dataset.preload - INFO - /data/IDEA_DeFi_Research/Data/eCommerce/Cosmetics/preprocessed_user_time/transactions_user_time_train.csv is read.
2025-02-26 14:28:08,313 - dataset.preload - INFO - nan resolution.
2025-02-26 14:28:10,806 - dataset.preload - INFO - timestamp fit transform
2025-02-26 14:28:10,806 - dataset.preload - INFO - label-fit-transform.
2025-02-26 14:28:13,233 - dataset.preload - INFO - amount quant transform
2025-02-26 14:28:13,233 - dataset.preload - INFO - skipping col rowNumber
2025-02-26 14:28:13,233 - dataset.preload - INFO - skipping col user
2025-02-26 14:28:13,234 - dataset.preload - INFO - skipping col timestamp
2025-02-26 14:28:13,234 - dataset.preload - INFO - skipping col id
2025-02-26 14:28:13,235 - dataset.preload - INFO - encoding product_id
2025-02-26 14:28:13,354 - dataset.preload - INFO - encoding amount
2025-02-26 14:28:13,462 - dataset.preload - INFO - encoding timeOfDay
2025-02-26 14:28:13,530 - dataset.preload - INFO - encoding dayOfWeek
2025-02-26 14:28:13,586 - dataset.preload - INFO - encoding dayOfMonth
2025-02-26 14:28:13,643 - dataset.preload - INFO - encoding dayOfYear
2025-02-26 14:28:13,702 - dataset.preload - INFO - encoding quarter
2025-02-26 14:28:13,731 - dataset.preload - INFO - encoding dayOfQuarter
2025-02-26 14:28:13,790 - dataset.preload - INFO - encoding sinTimeOfDay
2025-02-26 14:28:13,846 - dataset.preload - INFO - encoding cosTimeOfDay
2025-02-26 14:28:13,886 - dataset.preload - INFO - encoding sinDayOfWeek
2025-02-26 14:28:13,941 - dataset.preload - INFO - encoding cosDayOfWeek
2025-02-26 14:28:14,002 - dataset.preload - INFO - encoding sinDayOfMonth
2025-02-26 14:28:14,063 - dataset.preload - INFO - encoding cosDayOfMonth
2025-02-26 14:28:14,127 - dataset.preload - INFO - encoding sinDayOfQuarter
2025-02-26 14:28:14,189 - dataset.preload - INFO - encoding cosDayOfQuarter
2025-02-26 14:28:14,252 - dataset.preload - INFO - encoding sinDayOfYear
2025-02-26 14:28:14,315 - dataset.preload - INFO - encoding cosDayOfYear
2025-02-26 14:28:14,379 - dataset.preload - INFO - encoding sinQuarter
2025-02-26 14:28:14,426 - dataset.preload - INFO - encoding cosQuarter
2025-02-26 14:28:14,473 - dataset.preload - INFO - encoding userSecondsSinceFirstTransaction
2025-02-26 14:28:14,543 - dataset.preload - INFO - encoding userSecondsSincePreviousTransaction
2025-02-26 14:28:14,663 - dataset.preload - INFO - encoding userViewCount
2025-02-26 14:28:14,730 - dataset.preload - INFO - encoding userViewSumAmount
2025-02-26 14:28:14,805 - dataset.preload - INFO - encoding userViewAvgAmount
2025-02-26 14:28:14,882 - dataset.preload - INFO - encoding userRemove_from_cartCount
2025-02-26 14:28:14,924 - dataset.preload - INFO - encoding userRemove_from_cartSumAmount
2025-02-26 14:28:14,969 - dataset.preload - INFO - encoding userRemove_from_cartAvgAmount
2025-02-26 14:28:15,014 - dataset.preload - INFO - encoding userCartCount
2025-02-26 14:28:15,069 - dataset.preload - INFO - encoding userCartSumAmount
2025-02-26 14:28:15,126 - dataset.preload - INFO - encoding userCartAvgAmount
2025-02-26 14:28:15,184 - dataset.preload - INFO - encoding userPurchaseCount
2025-02-26 14:28:15,203 - dataset.preload - INFO - encoding userPurchaseSumAmount
2025-02-26 14:28:15,222 - dataset.preload - INFO - encoding userPurchaseAvgAmount
2025-02-26 14:28:15,245 - dataset.preload - INFO - encoding userActiveDaysWeekly
2025-02-26 14:28:15,300 - dataset.preload - INFO - encoding userActiveDaysMonthly
2025-02-26 14:28:15,355 - dataset.preload - INFO - encoding userActiveDaysYearly
2025-02-26 14:28:15,409 - dataset.preload - INFO - encoding timeFeature
2025-02-26 14:28:15,462 - dataset.preload - INFO - encoding Year
2025-02-26 14:28:15,757 - dataset.preload - INFO - writing cached csv to /data/IDEA_DeFi_Research/Data/eCommerce/Cosmetics/preprocessed_user_time/preloaded/transactions_user_time_train.encoded.csv
2025-02-26 14:28:15,757 - dataset.preload - INFO - writing to file /data/IDEA_DeFi_Research/Data/eCommerce/Cosmetics/preprocessed_user_time/preloaded/transactions_user_time_train.encoded.csv
2025-02-26 14:28:36,805 - dataset.preload - INFO - writing cached encoder fit to /data/IDEA_DeFi_Research/Data/eCommerce/Cosmetics/preprocessed_user_time/preloaded/transactions_user_time_train.encoder_fit.pkl
2025-02-26 14:28:36,809 - dataset.preload - INFO - starting with 51 columns
2025-02-26 14:28:37,227 - dataset.preload - INFO - total columns: ['rowNumber', 'user', 'timestamp', 'id', 'category_2', 'quarter', 'type', 'cosDayOfQuarter', 'sinDayOfMonth', 'sinDayOfWeek', 'cosDayOfMonth', 'dayOfMonth', 'Year', 'amount', 'sinDayOfYear', 'cosDayOfWeek', 'category_1', 'sinDayOfQuarter', 'dayOfYear', 'timeOfDay', 'dayOfQuarter', 'newSession', 'cosQuarter', 'dayOfWeek', 'product_brand', 'isWeekend', 'cosTimeOfDay', 'sinTimeOfDay', 'cosDayOfYear', 'sinQuarter', 'product_id', 'category_3', 'timeFeature', 'userPurchaseCount', 'userActiveDaysWeekly', 'userCartCount', 'userSecondsSincePreviousTransaction', 'userActiveDaysYearly', 'userRemove_from_cartAvgAmount', 'userActiveDaysMonthly', 'userSecondsSinceFirstTransaction', 'userCartSumAmount', 'userIsNew', 'userPurchaseSumAmount', 'userRemove_from_cartCount', 'userRemove_from_cartSumAmount', 'userPurchaseAvgAmount', 'userViewSumAmount', 'userCartAvgAmount', 'userViewCount', 'userViewAvgAmount'], total dynamic columns: ['category_2', 'quarter', 'type', 'cosDayOfQuarter', 'sinDayOfMonth', 'sinDayOfWeek', 'cosDayOfMonth', 'dayOfMonth', 'Year', 'amount', 'sinDayOfYear', 'cosDayOfWeek', 'category_1', 'sinDayOfQuarter', 'dayOfYear', 'timeOfDay', 'dayOfQuarter', 'newSession', 'cosQuarter', 'dayOfWeek', 'product_brand', 'isWeekend', 'cosTimeOfDay', 'sinTimeOfDay', 'cosDayOfYear', 'sinQuarter', 'product_id', 'category_3'], total time feature columns: ['timeFeature'],total static columns: ['userPurchaseCount', 'userActiveDaysWeekly', 'userCartCount', 'userSecondsSincePreviousTransaction', 'userActiveDaysYearly', 'userRemove_from_cartAvgAmount', 'userActiveDaysMonthly', 'userSecondsSinceFirstTransaction', 'userCartSumAmount', 'userIsNew', 'userPurchaseSumAmount', 'userRemove_from_cartCount', 'userRemove_from_cartSumAmount', 'userPurchaseAvgAmount', 'userViewSumAmount', 'userCartAvgAmount', 'userViewCount', 'userViewAvgAmount']
2025-02-26 14:28:37,228 - dataset.preload - INFO - total dynamic vocabulary size: 472, total time feature vocabulary size: 18, total static vocabulary size: 178
2025-02-26 14:28:37,228 - dataset.preload - INFO - column : category_2, vocab size : 10
2025-02-26 14:28:37,228 - dataset.preload - INFO - column : quarter, vocab size : 2
2025-02-26 14:28:37,228 - dataset.preload - INFO - column : type, vocab size : 5
2025-02-26 14:28:37,228 - dataset.preload - INFO - column : cosDayOfQuarter, vocab size : 11
2025-02-26 14:28:37,228 - dataset.preload - INFO - column : sinDayOfMonth, vocab size : 10
2025-02-26 14:28:37,228 - dataset.preload - INFO - column : sinDayOfWeek, vocab size : 8
2025-02-26 14:28:37,228 - dataset.preload - INFO - column : cosDayOfMonth, vocab size : 11
2025-02-26 14:28:37,228 - dataset.preload - INFO - column : dayOfMonth, vocab size : 11
2025-02-26 14:28:37,228 - dataset.preload - INFO - column : Year, vocab size : 2
2025-02-26 14:28:37,228 - dataset.preload - INFO - column : amount, vocab size : 11
2025-02-26 14:28:37,228 - dataset.preload - INFO - column : sinDayOfYear, vocab size : 11
2025-02-26 14:28:37,228 - dataset.preload - INFO - column : cosDayOfWeek, vocab size : 7
2025-02-26 14:28:37,228 - dataset.preload - INFO - column : category_1, vocab size : 7
2025-02-26 14:28:37,228 - dataset.preload - INFO - column : sinDayOfQuarter, vocab size : 11
2025-02-26 14:28:37,228 - dataset.preload - INFO - column : dayOfYear, vocab size : 11
2025-02-26 14:28:37,228 - dataset.preload - INFO - column : timeOfDay, vocab size : 11
2025-02-26 14:28:37,228 - dataset.preload - INFO - column : dayOfQuarter, vocab size : 11
2025-02-26 14:28:37,228 - dataset.preload - INFO - column : newSession, vocab size : 3
2025-02-26 14:28:37,228 - dataset.preload - INFO - column : cosQuarter, vocab size : 2
2025-02-26 14:28:37,228 - dataset.preload - INFO - column : dayOfWeek, vocab size : 8
2025-02-26 14:28:37,228 - dataset.preload - INFO - column : product_brand, vocab size : 245
2025-02-26 14:28:37,228 - dataset.preload - INFO - column : isWeekend, vocab size : 3
2025-02-26 14:28:37,228 - dataset.preload - INFO - column : cosTimeOfDay, vocab size : 11
2025-02-26 14:28:37,228 - dataset.preload - INFO - column : sinTimeOfDay, vocab size : 11
2025-02-26 14:28:37,228 - dataset.preload - INFO - column : cosDayOfYear, vocab size : 11
2025-02-26 14:28:37,229 - dataset.preload - INFO - column : sinQuarter, vocab size : 2
2025-02-26 14:28:37,229 - dataset.preload - INFO - column : product_id, vocab size : 11
2025-02-26 14:28:37,229 - dataset.preload - INFO - column : category_3, vocab size : 8
2025-02-26 14:28:37,229 - dataset.preload - INFO - column : SPECIAL, vocab size : 7
2025-02-26 14:28:37,229 - dataset.preload - INFO - column : timeFeature, vocab size : 11
2025-02-26 14:28:37,229 - dataset.preload - INFO - column : SPECIAL, vocab size : 7
2025-02-26 14:28:37,229 - dataset.preload - INFO - column : userPurchaseCount, vocab size : 11
2025-02-26 14:28:37,229 - dataset.preload - INFO - column : userActiveDaysWeekly, vocab size : 4
2025-02-26 14:28:37,229 - dataset.preload - INFO - column : userCartCount, vocab size : 11
2025-02-26 14:28:37,229 - dataset.preload - INFO - column : userSecondsSincePreviousTransaction, vocab size : 11
2025-02-26 14:28:37,229 - dataset.preload - INFO - column : userActiveDaysYearly, vocab size : 5
2025-02-26 14:28:37,229 - dataset.preload - INFO - column : userRemove_from_cartAvgAmount, vocab size : 11
2025-02-26 14:28:37,229 - dataset.preload - INFO - column : userActiveDaysMonthly, vocab size : 5
2025-02-26 14:28:37,229 - dataset.preload - INFO - column : userSecondsSinceFirstTransaction, vocab size : 11
2025-02-26 14:28:37,229 - dataset.preload - INFO - column : userCartSumAmount, vocab size : 11
2025-02-26 14:28:37,229 - dataset.preload - INFO - column : userIsNew, vocab size : 3
2025-02-26 14:28:37,229 - dataset.preload - INFO - column : userPurchaseSumAmount, vocab size : 11
2025-02-26 14:28:37,229 - dataset.preload - INFO - column : userRemove_from_cartCount, vocab size : 11
2025-02-26 14:28:37,229 - dataset.preload - INFO - column : userRemove_from_cartSumAmount, vocab size : 11
2025-02-26 14:28:37,229 - dataset.preload - INFO - column : userPurchaseAvgAmount, vocab size : 11
2025-02-26 14:28:37,229 - dataset.preload - INFO - column : userViewSumAmount, vocab size : 11
2025-02-26 14:28:37,229 - dataset.preload - INFO - column : userCartAvgAmount, vocab size : 11
2025-02-26 14:28:37,229 - dataset.preload - INFO - column : userViewCount, vocab size : 11
2025-02-26 14:28:37,229 - dataset.preload - INFO - column : userViewAvgAmount, vocab size : 11
2025-02-26 14:28:37,229 - dataset.preload - INFO - column : SPECIAL, vocab size : 7
2025-02-26 14:28:37,229 - dataset.preload - INFO - saving vocab at /data/IDEA_DeFi_Research/Data/eCommerce/Cosmetics/preprocessed_user_time//preloaded//vocab/dynamic_vocab.nb
2025-02-26 14:28:37,234 - dataset.preload - INFO - saving vocab object at /data/IDEA_DeFi_Research/Data/eCommerce/Cosmetics/preprocessed_user_time//preloaded//vocab/dynamic_vocab_ob
2025-02-26 14:28:37,234 - dataset.preload - INFO - saving vocab at /data/IDEA_DeFi_Research/Data/eCommerce/Cosmetics/preprocessed_user_time//preloaded//vocab/time_feature_vocab.nb
2025-02-26 14:28:37,236 - dataset.preload - INFO - saving vocab object at /data/IDEA_DeFi_Research/Data/eCommerce/Cosmetics/preprocessed_user_time//preloaded//vocab/time_feature_vocab_ob
2025-02-26 14:28:37,236 - dataset.preload - INFO - saving vocab at /data/IDEA_DeFi_Research/Data/eCommerce/Cosmetics/preprocessed_user_time//preloaded//vocab/static_vocab.nb
2025-02-26 14:28:37,239 - dataset.preload - INFO - saving vocab object at /data/IDEA_DeFi_Research/Data/eCommerce/Cosmetics/preprocessed_user_time//preloaded//vocab/static_vocab_ob
2025-02-26 14:29:31,828 - root - INFO - Running preprocess
2025-02-26 14:29:31,828 - root - INFO - Train and test data have already been preprocessed. Skipping preprocess.
2025-02-26 14:29:31,828 - root - INFO - Preprocess complete
2025-02-26 14:29:31,829 - root - INFO - Running preload
2025-02-26 14:29:50,872 - dataset.preload - INFO - read data : (2422845, 51)
2025-02-26 14:29:50,872 - dataset.preload - INFO - /data/IDEA_DeFi_Research/Data/eCommerce/Cosmetics/preprocessed_user_time/transactions_user_time_train.csv is read.
2025-02-26 14:29:50,872 - dataset.preload - INFO - nan resolution.
2025-02-26 14:29:53,229 - dataset.preload - INFO - timestamp fit transform
2025-02-26 14:29:53,229 - dataset.preload - INFO - label-fit-transform.
2025-02-26 14:29:55,570 - dataset.preload - INFO - amount quant transform
2025-02-26 14:29:55,570 - dataset.preload - INFO - skipping col rowNumber
2025-02-26 14:29:55,570 - dataset.preload - INFO - skipping col user
2025-02-26 14:29:55,570 - dataset.preload - INFO - skipping col timestamp
2025-02-26 14:29:55,570 - dataset.preload - INFO - skipping col id
2025-02-26 14:29:55,572 - dataset.preload - INFO - encoding product_id
2025-02-26 14:29:55,691 - dataset.preload - INFO - encoding amount
2025-02-26 14:29:55,800 - dataset.preload - INFO - encoding timeOfDay
2025-02-26 14:29:55,869 - dataset.preload - INFO - encoding dayOfWeek
2025-02-26 14:29:55,926 - dataset.preload - INFO - encoding dayOfMonth
2025-02-26 14:29:55,983 - dataset.preload - INFO - encoding dayOfYear
2025-02-26 14:29:56,042 - dataset.preload - INFO - encoding quarter
2025-02-26 14:29:56,071 - dataset.preload - INFO - encoding dayOfQuarter
2025-02-26 14:29:56,130 - dataset.preload - INFO - encoding sinTimeOfDay
2025-02-26 14:29:56,186 - dataset.preload - INFO - encoding cosTimeOfDay
2025-02-26 14:29:56,227 - dataset.preload - INFO - encoding sinDayOfWeek
2025-02-26 14:29:56,282 - dataset.preload - INFO - encoding cosDayOfWeek
2025-02-26 14:29:56,341 - dataset.preload - INFO - encoding sinDayOfMonth
2025-02-26 14:29:56,402 - dataset.preload - INFO - encoding cosDayOfMonth
2025-02-26 14:29:56,466 - dataset.preload - INFO - encoding sinDayOfQuarter
2025-02-26 14:29:56,529 - dataset.preload - INFO - encoding cosDayOfQuarter
2025-02-26 14:29:56,593 - dataset.preload - INFO - encoding sinDayOfYear
2025-02-26 14:29:56,655 - dataset.preload - INFO - encoding cosDayOfYear
2025-02-26 14:29:56,718 - dataset.preload - INFO - encoding sinQuarter
2025-02-26 14:29:56,766 - dataset.preload - INFO - encoding cosQuarter
2025-02-26 14:29:56,814 - dataset.preload - INFO - encoding userSecondsSinceFirstTransaction
2025-02-26 14:29:56,883 - dataset.preload - INFO - encoding userSecondsSincePreviousTransaction
2025-02-26 14:29:57,003 - dataset.preload - INFO - encoding userViewCount
2025-02-26 14:29:57,071 - dataset.preload - INFO - encoding userViewSumAmount
2025-02-26 14:29:57,147 - dataset.preload - INFO - encoding userViewAvgAmount
2025-02-26 14:29:57,224 - dataset.preload - INFO - encoding userRemove_from_cartCount
2025-02-26 14:29:57,267 - dataset.preload - INFO - encoding userRemove_from_cartSumAmount
2025-02-26 14:29:57,311 - dataset.preload - INFO - encoding userRemove_from_cartAvgAmount
2025-02-26 14:29:57,356 - dataset.preload - INFO - encoding userCartCount
2025-02-26 14:29:57,413 - dataset.preload - INFO - encoding userCartSumAmount
2025-02-26 14:29:57,468 - dataset.preload - INFO - encoding userCartAvgAmount
2025-02-26 14:29:57,528 - dataset.preload - INFO - encoding userPurchaseCount
2025-02-26 14:29:57,547 - dataset.preload - INFO - encoding userPurchaseSumAmount
2025-02-26 14:29:57,567 - dataset.preload - INFO - encoding userPurchaseAvgAmount
2025-02-26 14:29:57,588 - dataset.preload - INFO - encoding userActiveDaysWeekly
2025-02-26 14:29:57,643 - dataset.preload - INFO - encoding userActiveDaysMonthly
2025-02-26 14:29:57,699 - dataset.preload - INFO - encoding userActiveDaysYearly
2025-02-26 14:29:57,755 - dataset.preload - INFO - encoding timeFeature
2025-02-26 14:29:57,806 - dataset.preload - INFO - encoding Year
2025-02-26 14:29:58,099 - dataset.preload - INFO - writing cached csv to /data/IDEA_DeFi_Research/Data/eCommerce/Cosmetics/preprocessed_user_time/preloaded/transactions_user_time_train.encoded.csv
2025-02-26 14:29:58,099 - dataset.preload - INFO - writing to file /data/IDEA_DeFi_Research/Data/eCommerce/Cosmetics/preprocessed_user_time/preloaded/transactions_user_time_train.encoded.csv
2025-02-26 14:30:19,266 - dataset.preload - INFO - writing cached encoder fit to /data/IDEA_DeFi_Research/Data/eCommerce/Cosmetics/preprocessed_user_time/preloaded/transactions_user_time_train.encoder_fit.pkl
2025-02-26 14:30:19,270 - dataset.preload - INFO - starting with 51 columns
2025-02-26 14:30:19,688 - dataset.preload - INFO - total columns: ['rowNumber', 'user', 'timestamp', 'id', 'amount', 'cosDayOfYear', 'cosDayOfMonth', 'sinDayOfYear', 'isWeekend', 'timeOfDay', 'category_3', 'product_id', 'category_2', 'sinDayOfWeek', 'Year', 'sinDayOfMonth', 'quarter', 'product_brand', 'cosDayOfQuarter', 'dayOfYear', 'dayOfWeek', 'dayOfMonth', 'cosDayOfWeek', 'type', 'cosTimeOfDay', 'sinDayOfQuarter', 'dayOfQuarter', 'category_1', 'newSession', 'sinQuarter', 'cosQuarter', 'sinTimeOfDay', 'timeFeature', 'userViewAvgAmount', 'userPurchaseCount', 'userSecondsSincePreviousTransaction', 'userViewCount', 'userActiveDaysYearly', 'userViewSumAmount', 'userRemove_from_cartSumAmount', 'userCartSumAmount', 'userActiveDaysMonthly', 'userCartCount', 'userPurchaseSumAmount', 'userActiveDaysWeekly', 'userIsNew', 'userCartAvgAmount', 'userRemove_from_cartAvgAmount', 'userSecondsSinceFirstTransaction', 'userRemove_from_cartCount', 'userPurchaseAvgAmount'], total dynamic columns: ['amount', 'cosDayOfYear', 'cosDayOfMonth', 'sinDayOfYear', 'isWeekend', 'timeOfDay', 'category_3', 'product_id', 'category_2', 'sinDayOfWeek', 'Year', 'sinDayOfMonth', 'quarter', 'product_brand', 'cosDayOfQuarter', 'dayOfYear', 'dayOfWeek', 'dayOfMonth', 'cosDayOfWeek', 'type', 'cosTimeOfDay', 'sinDayOfQuarter', 'dayOfQuarter', 'category_1', 'newSession', 'sinQuarter', 'cosQuarter', 'sinTimeOfDay'], total time feature columns: ['timeFeature'],total static columns: ['userViewAvgAmount', 'userPurchaseCount', 'userSecondsSincePreviousTransaction', 'userViewCount', 'userActiveDaysYearly', 'userViewSumAmount', 'userRemove_from_cartSumAmount', 'userCartSumAmount', 'userActiveDaysMonthly', 'userCartCount', 'userPurchaseSumAmount', 'userActiveDaysWeekly', 'userIsNew', 'userCartAvgAmount', 'userRemove_from_cartAvgAmount', 'userSecondsSinceFirstTransaction', 'userRemove_from_cartCount', 'userPurchaseAvgAmount']
2025-02-26 14:30:19,688 - dataset.preload - INFO - total dynamic vocabulary size: 472, total time feature vocabulary size: 18, total static vocabulary size: 178
2025-02-26 14:30:19,688 - dataset.preload - INFO - column : amount, vocab size : 11
2025-02-26 14:30:19,688 - dataset.preload - INFO - column : cosDayOfYear, vocab size : 11
2025-02-26 14:30:19,688 - dataset.preload - INFO - column : cosDayOfMonth, vocab size : 11
2025-02-26 14:30:19,688 - dataset.preload - INFO - column : sinDayOfYear, vocab size : 11
2025-02-26 14:30:19,688 - dataset.preload - INFO - column : isWeekend, vocab size : 3
2025-02-26 14:30:19,688 - dataset.preload - INFO - column : timeOfDay, vocab size : 11
2025-02-26 14:30:19,688 - dataset.preload - INFO - column : category_3, vocab size : 8
2025-02-26 14:30:19,688 - dataset.preload - INFO - column : product_id, vocab size : 11
2025-02-26 14:30:19,688 - dataset.preload - INFO - column : category_2, vocab size : 10
2025-02-26 14:30:19,689 - dataset.preload - INFO - column : sinDayOfWeek, vocab size : 8
2025-02-26 14:30:19,689 - dataset.preload - INFO - column : Year, vocab size : 2
2025-02-26 14:30:19,689 - dataset.preload - INFO - column : sinDayOfMonth, vocab size : 10
2025-02-26 14:30:19,689 - dataset.preload - INFO - column : quarter, vocab size : 2
2025-02-26 14:30:19,689 - dataset.preload - INFO - column : product_brand, vocab size : 245
2025-02-26 14:30:19,689 - dataset.preload - INFO - column : cosDayOfQuarter, vocab size : 11
2025-02-26 14:30:19,689 - dataset.preload - INFO - column : dayOfYear, vocab size : 11
2025-02-26 14:30:19,689 - dataset.preload - INFO - column : dayOfWeek, vocab size : 8
2025-02-26 14:30:19,689 - dataset.preload - INFO - column : dayOfMonth, vocab size : 11
2025-02-26 14:30:19,689 - dataset.preload - INFO - column : cosDayOfWeek, vocab size : 7
2025-02-26 14:30:19,689 - dataset.preload - INFO - column : type, vocab size : 5
2025-02-26 14:30:19,689 - dataset.preload - INFO - column : cosTimeOfDay, vocab size : 11
2025-02-26 14:30:19,689 - dataset.preload - INFO - column : sinDayOfQuarter, vocab size : 11
2025-02-26 14:30:19,689 - dataset.preload - INFO - column : dayOfQuarter, vocab size : 11
2025-02-26 14:30:19,689 - dataset.preload - INFO - column : category_1, vocab size : 7
2025-02-26 14:30:19,689 - dataset.preload - INFO - column : newSession, vocab size : 3
2025-02-26 14:30:19,689 - dataset.preload - INFO - column : sinQuarter, vocab size : 2
2025-02-26 14:30:19,689 - dataset.preload - INFO - column : cosQuarter, vocab size : 2
2025-02-26 14:30:19,689 - dataset.preload - INFO - column : sinTimeOfDay, vocab size : 11
2025-02-26 14:30:19,689 - dataset.preload - INFO - column : SPECIAL, vocab size : 7
2025-02-26 14:30:19,689 - dataset.preload - INFO - column : timeFeature, vocab size : 11
2025-02-26 14:30:19,689 - dataset.preload - INFO - column : SPECIAL, vocab size : 7
2025-02-26 14:30:19,689 - dataset.preload - INFO - column : userViewAvgAmount, vocab size : 11
2025-02-26 14:30:19,689 - dataset.preload - INFO - column : userPurchaseCount, vocab size : 11
2025-02-26 14:30:19,689 - dataset.preload - INFO - column : userSecondsSincePreviousTransaction, vocab size : 11
2025-02-26 14:30:19,689 - dataset.preload - INFO - column : userViewCount, vocab size : 11
2025-02-26 14:30:19,689 - dataset.preload - INFO - column : userActiveDaysYearly, vocab size : 5
2025-02-26 14:30:19,689 - dataset.preload - INFO - column : userViewSumAmount, vocab size : 11
2025-02-26 14:30:19,689 - dataset.preload - INFO - column : userRemove_from_cartSumAmount, vocab size : 11
2025-02-26 14:30:19,689 - dataset.preload - INFO - column : userCartSumAmount, vocab size : 11
2025-02-26 14:30:19,689 - dataset.preload - INFO - column : userActiveDaysMonthly, vocab size : 5
2025-02-26 14:30:19,689 - dataset.preload - INFO - column : userCartCount, vocab size : 11
2025-02-26 14:30:19,689 - dataset.preload - INFO - column : userPurchaseSumAmount, vocab size : 11
2025-02-26 14:30:19,690 - dataset.preload - INFO - column : userActiveDaysWeekly, vocab size : 4
2025-02-26 14:30:19,690 - dataset.preload - INFO - column : userIsNew, vocab size : 3
2025-02-26 14:30:19,690 - dataset.preload - INFO - column : userCartAvgAmount, vocab size : 11
2025-02-26 14:30:19,690 - dataset.preload - INFO - column : userRemove_from_cartAvgAmount, vocab size : 11
2025-02-26 14:30:19,690 - dataset.preload - INFO - column : userSecondsSinceFirstTransaction, vocab size : 11
2025-02-26 14:30:19,690 - dataset.preload - INFO - column : userRemove_from_cartCount, vocab size : 11
2025-02-26 14:30:19,690 - dataset.preload - INFO - column : userPurchaseAvgAmount, vocab size : 11
2025-02-26 14:30:19,690 - dataset.preload - INFO - column : SPECIAL, vocab size : 7
2025-02-26 14:30:19,690 - dataset.preload - INFO - saving vocab at /data/IDEA_DeFi_Research/Data/eCommerce/Cosmetics/preprocessed_user_time//preloaded//vocab/dynamic_vocab.nb
2025-02-26 14:30:19,694 - dataset.preload - INFO - saving vocab object at /data/IDEA_DeFi_Research/Data/eCommerce/Cosmetics/preprocessed_user_time//preloaded//vocab/dynamic_vocab_ob
2025-02-26 14:30:19,694 - dataset.preload - INFO - saving vocab at /data/IDEA_DeFi_Research/Data/eCommerce/Cosmetics/preprocessed_user_time//preloaded//vocab/time_feature_vocab.nb
2025-02-26 14:30:19,697 - dataset.preload - INFO - saving vocab object at /data/IDEA_DeFi_Research/Data/eCommerce/Cosmetics/preprocessed_user_time//preloaded//vocab/time_feature_vocab_ob
2025-02-26 14:30:19,697 - dataset.preload - INFO - saving vocab at /data/IDEA_DeFi_Research/Data/eCommerce/Cosmetics/preprocessed_user_time//preloaded//vocab/static_vocab.nb
2025-02-26 14:30:19,699 - dataset.preload - INFO - saving vocab object at /data/IDEA_DeFi_Research/Data/eCommerce/Cosmetics/preprocessed_user_time//preloaded//vocab/static_vocab_ob
2025-02-26 14:30:50,823 - root - INFO - Running preprocess
2025-02-26 14:30:50,824 - root - INFO - Train and test data have already been preprocessed. Skipping preprocess.
2025-02-26 14:30:50,824 - root - INFO - Preprocess complete
2025-02-26 14:30:50,824 - root - INFO - Running preload
2025-02-26 14:31:09,826 - dataset.preload - INFO - read data : (2422845, 51)
2025-02-26 14:31:09,826 - dataset.preload - INFO - /data/IDEA_DeFi_Research/Data/eCommerce/Cosmetics/preprocessed_user_time/transactions_user_time_train.csv is read.
2025-02-26 14:31:09,827 - dataset.preload - INFO - nan resolution.
2025-02-26 14:31:12,284 - dataset.preload - INFO - timestamp fit transform
2025-02-26 14:31:12,284 - dataset.preload - INFO - label-fit-transform.
2025-02-26 14:31:14,728 - dataset.preload - INFO - amount quant transform
2025-02-26 14:31:14,728 - dataset.preload - INFO - skipping col rowNumber
2025-02-26 14:31:14,729 - dataset.preload - INFO - skipping col user
2025-02-26 14:31:14,729 - dataset.preload - INFO - skipping col timestamp
2025-02-26 14:31:14,729 - dataset.preload - INFO - skipping col id
2025-02-26 14:31:14,731 - dataset.preload - INFO - encoding product_id
2025-02-26 14:31:14,849 - dataset.preload - INFO - encoding amount
2025-02-26 14:31:14,960 - dataset.preload - INFO - encoding timeOfDay
2025-02-26 14:31:15,029 - dataset.preload - INFO - encoding dayOfWeek
2025-02-26 14:31:15,084 - dataset.preload - INFO - encoding dayOfMonth
2025-02-26 14:31:15,142 - dataset.preload - INFO - encoding dayOfYear
2025-02-26 14:31:15,201 - dataset.preload - INFO - encoding quarter
2025-02-26 14:31:15,231 - dataset.preload - INFO - encoding dayOfQuarter
2025-02-26 14:31:15,290 - dataset.preload - INFO - encoding sinTimeOfDay
2025-02-26 14:31:15,346 - dataset.preload - INFO - encoding cosTimeOfDay
2025-02-26 14:31:15,386 - dataset.preload - INFO - encoding sinDayOfWeek
2025-02-26 14:31:15,441 - dataset.preload - INFO - encoding cosDayOfWeek
2025-02-26 14:31:15,499 - dataset.preload - INFO - encoding sinDayOfMonth
2025-02-26 14:31:15,556 - dataset.preload - INFO - encoding cosDayOfMonth
2025-02-26 14:31:15,614 - dataset.preload - INFO - encoding sinDayOfQuarter
2025-02-26 14:31:15,673 - dataset.preload - INFO - encoding cosDayOfQuarter
2025-02-26 14:31:15,731 - dataset.preload - INFO - encoding sinDayOfYear
2025-02-26 14:31:15,789 - dataset.preload - INFO - encoding cosDayOfYear
2025-02-26 14:31:15,848 - dataset.preload - INFO - encoding sinQuarter
2025-02-26 14:31:15,891 - dataset.preload - INFO - encoding cosQuarter
2025-02-26 14:31:15,934 - dataset.preload - INFO - encoding userSecondsSinceFirstTransaction
2025-02-26 14:31:16,006 - dataset.preload - INFO - encoding userSecondsSincePreviousTransaction
2025-02-26 14:31:16,127 - dataset.preload - INFO - encoding userViewCount
2025-02-26 14:31:16,194 - dataset.preload - INFO - encoding userViewSumAmount
2025-02-26 14:31:16,269 - dataset.preload - INFO - encoding userViewAvgAmount
2025-02-26 14:31:16,349 - dataset.preload - INFO - encoding userRemove_from_cartCount
2025-02-26 14:31:16,390 - dataset.preload - INFO - encoding userRemove_from_cartSumAmount
2025-02-26 14:31:16,435 - dataset.preload - INFO - encoding userRemove_from_cartAvgAmount
2025-02-26 14:31:16,483 - dataset.preload - INFO - encoding userCartCount
2025-02-26 14:31:16,541 - dataset.preload - INFO - encoding userCartSumAmount
2025-02-26 14:31:16,599 - dataset.preload - INFO - encoding userCartAvgAmount
2025-02-26 14:31:16,660 - dataset.preload - INFO - encoding userPurchaseCount
2025-02-26 14:31:16,679 - dataset.preload - INFO - encoding userPurchaseSumAmount
2025-02-26 14:31:16,699 - dataset.preload - INFO - encoding userPurchaseAvgAmount
2025-02-26 14:31:16,720 - dataset.preload - INFO - encoding userActiveDaysWeekly
2025-02-26 14:31:16,774 - dataset.preload - INFO - encoding userActiveDaysMonthly
2025-02-26 14:31:16,830 - dataset.preload - INFO - encoding userActiveDaysYearly
2025-02-26 14:31:16,885 - dataset.preload - INFO - encoding timeFeature
2025-02-26 14:31:16,936 - dataset.preload - INFO - encoding Year
2025-02-26 14:31:17,232 - dataset.preload - INFO - writing cached csv to /data/IDEA_DeFi_Research/Data/eCommerce/Cosmetics/preprocessed_user_time/preloaded/transactions_user_time_train.encoded.csv
2025-02-26 14:31:17,232 - dataset.preload - INFO - writing to file /data/IDEA_DeFi_Research/Data/eCommerce/Cosmetics/preprocessed_user_time/preloaded/transactions_user_time_train.encoded.csv
2025-02-26 14:31:38,196 - dataset.preload - INFO - writing cached encoder fit to /data/IDEA_DeFi_Research/Data/eCommerce/Cosmetics/preprocessed_user_time/preloaded/transactions_user_time_train.encoder_fit.pkl
2025-02-26 14:31:38,200 - dataset.preload - INFO - starting with 51 columns
2025-02-26 14:31:38,613 - dataset.preload - INFO - total columns: ['rowNumber', 'user', 'timestamp', 'id', 'dayOfWeek', 'sinDayOfMonth', 'category_2', 'cosQuarter', 'cosDayOfWeek', 'cosDayOfYear', 'type', 'amount', 'sinDayOfYear', 'sinQuarter', 'dayOfQuarter', 'cosDayOfMonth', 'category_1', 'cosDayOfQuarter', 'dayOfYear', 'product_brand', 'quarter', 'category_3', 'cosTimeOfDay', 'Year', 'sinDayOfWeek', 'timeOfDay', 'sinDayOfQuarter', 'newSession', 'dayOfMonth', 'isWeekend', 'sinTimeOfDay', 'product_id', 'timeFeature', 'userRemove_from_cartAvgAmount', 'userActiveDaysYearly', 'userRemove_from_cartCount', 'userCartCount', 'userActiveDaysWeekly', 'userCartSumAmount', 'userIsNew', 'userPurchaseSumAmount', 'userRemove_from_cartSumAmount', 'userCartAvgAmount', 'userViewCount', 'userSecondsSinceFirstTransaction', 'userPurchaseCount', 'userActiveDaysMonthly', 'userViewAvgAmount', 'userViewSumAmount', 'userSecondsSincePreviousTransaction', 'userPurchaseAvgAmount'], total dynamic columns: ['dayOfWeek', 'sinDayOfMonth', 'category_2', 'cosQuarter', 'cosDayOfWeek', 'cosDayOfYear', 'type', 'amount', 'sinDayOfYear', 'sinQuarter', 'dayOfQuarter', 'cosDayOfMonth', 'category_1', 'cosDayOfQuarter', 'dayOfYear', 'product_brand', 'quarter', 'category_3', 'cosTimeOfDay', 'Year', 'sinDayOfWeek', 'timeOfDay', 'sinDayOfQuarter', 'newSession', 'dayOfMonth', 'isWeekend', 'sinTimeOfDay', 'product_id'], total time feature columns: ['timeFeature'],total static columns: ['userRemove_from_cartAvgAmount', 'userActiveDaysYearly', 'userRemove_from_cartCount', 'userCartCount', 'userActiveDaysWeekly', 'userCartSumAmount', 'userIsNew', 'userPurchaseSumAmount', 'userRemove_from_cartSumAmount', 'userCartAvgAmount', 'userViewCount', 'userSecondsSinceFirstTransaction', 'userPurchaseCount', 'userActiveDaysMonthly', 'userViewAvgAmount', 'userViewSumAmount', 'userSecondsSincePreviousTransaction', 'userPurchaseAvgAmount']
2025-02-26 14:31:38,613 - dataset.preload - INFO - total dynamic vocabulary size: 472, total time feature vocabulary size: 18, total static vocabulary size: 178
2025-02-26 14:31:38,613 - dataset.preload - INFO - column : dayOfWeek, vocab size : 8
2025-02-26 14:31:38,613 - dataset.preload - INFO - column : sinDayOfMonth, vocab size : 10
2025-02-26 14:31:38,613 - dataset.preload - INFO - column : category_2, vocab size : 10
2025-02-26 14:31:38,613 - dataset.preload - INFO - column : cosQuarter, vocab size : 2
2025-02-26 14:31:38,613 - dataset.preload - INFO - column : cosDayOfWeek, vocab size : 7
2025-02-26 14:31:38,613 - dataset.preload - INFO - column : cosDayOfYear, vocab size : 11
2025-02-26 14:31:38,614 - dataset.preload - INFO - column : type, vocab size : 5
2025-02-26 14:31:38,614 - dataset.preload - INFO - column : amount, vocab size : 11
2025-02-26 14:31:38,614 - dataset.preload - INFO - column : sinDayOfYear, vocab size : 11
2025-02-26 14:31:38,614 - dataset.preload - INFO - column : sinQuarter, vocab size : 2
2025-02-26 14:31:38,614 - dataset.preload - INFO - column : dayOfQuarter, vocab size : 11
2025-02-26 14:31:38,614 - dataset.preload - INFO - column : cosDayOfMonth, vocab size : 11
2025-02-26 14:31:38,614 - dataset.preload - INFO - column : category_1, vocab size : 7
2025-02-26 14:31:38,614 - dataset.preload - INFO - column : cosDayOfQuarter, vocab size : 11
2025-02-26 14:31:38,614 - dataset.preload - INFO - column : dayOfYear, vocab size : 11
2025-02-26 14:31:38,614 - dataset.preload - INFO - column : product_brand, vocab size : 245
2025-02-26 14:31:38,614 - dataset.preload - INFO - column : quarter, vocab size : 2
2025-02-26 14:31:38,614 - dataset.preload - INFO - column : category_3, vocab size : 8
2025-02-26 14:31:38,614 - dataset.preload - INFO - column : cosTimeOfDay, vocab size : 11
2025-02-26 14:31:38,614 - dataset.preload - INFO - column : Year, vocab size : 2
2025-02-26 14:31:38,614 - dataset.preload - INFO - column : sinDayOfWeek, vocab size : 8
2025-02-26 14:31:38,614 - dataset.preload - INFO - column : timeOfDay, vocab size : 11
2025-02-26 14:31:38,614 - dataset.preload - INFO - column : sinDayOfQuarter, vocab size : 11
2025-02-26 14:31:38,614 - dataset.preload - INFO - column : newSession, vocab size : 3
2025-02-26 14:31:38,614 - dataset.preload - INFO - column : dayOfMonth, vocab size : 11
2025-02-26 14:31:38,614 - dataset.preload - INFO - column : isWeekend, vocab size : 3
2025-02-26 14:31:38,614 - dataset.preload - INFO - column : sinTimeOfDay, vocab size : 11
2025-02-26 14:31:38,614 - dataset.preload - INFO - column : product_id, vocab size : 11
2025-02-26 14:31:38,614 - dataset.preload - INFO - column : SPECIAL, vocab size : 7
2025-02-26 14:31:38,614 - dataset.preload - INFO - column : timeFeature, vocab size : 11
2025-02-26 14:31:38,614 - dataset.preload - INFO - column : SPECIAL, vocab size : 7
2025-02-26 14:31:38,614 - dataset.preload - INFO - column : userRemove_from_cartAvgAmount, vocab size : 11
2025-02-26 14:31:38,615 - dataset.preload - INFO - column : userActiveDaysYearly, vocab size : 5
2025-02-26 14:31:38,615 - dataset.preload - INFO - column : userRemove_from_cartCount, vocab size : 11
2025-02-26 14:31:38,615 - dataset.preload - INFO - column : userCartCount, vocab size : 11
2025-02-26 14:31:38,615 - dataset.preload - INFO - column : userActiveDaysWeekly, vocab size : 4
2025-02-26 14:31:38,615 - dataset.preload - INFO - column : userCartSumAmount, vocab size : 11
2025-02-26 14:31:38,615 - dataset.preload - INFO - column : userIsNew, vocab size : 3
2025-02-26 14:31:38,615 - dataset.preload - INFO - column : userPurchaseSumAmount, vocab size : 11
2025-02-26 14:31:38,615 - dataset.preload - INFO - column : userRemove_from_cartSumAmount, vocab size : 11
2025-02-26 14:31:38,615 - dataset.preload - INFO - column : userCartAvgAmount, vocab size : 11
2025-02-26 14:31:38,615 - dataset.preload - INFO - column : userViewCount, vocab size : 11
2025-02-26 14:31:38,615 - dataset.preload - INFO - column : userSecondsSinceFirstTransaction, vocab size : 11
2025-02-26 14:31:38,615 - dataset.preload - INFO - column : userPurchaseCount, vocab size : 11
2025-02-26 14:31:38,615 - dataset.preload - INFO - column : userActiveDaysMonthly, vocab size : 5
2025-02-26 14:31:38,615 - dataset.preload - INFO - column : userViewAvgAmount, vocab size : 11
2025-02-26 14:31:38,615 - dataset.preload - INFO - column : userViewSumAmount, vocab size : 11
2025-02-26 14:31:38,615 - dataset.preload - INFO - column : userSecondsSincePreviousTransaction, vocab size : 11
2025-02-26 14:31:38,615 - dataset.preload - INFO - column : userPurchaseAvgAmount, vocab size : 11
2025-02-26 14:31:38,615 - dataset.preload - INFO - column : SPECIAL, vocab size : 7
2025-02-26 14:31:38,615 - dataset.preload - INFO - saving vocab at /data/IDEA_DeFi_Research/Data/eCommerce/Cosmetics/preprocessed_user_time//preloaded//vocab/dynamic_vocab.nb
2025-02-26 14:31:38,619 - dataset.preload - INFO - saving vocab object at /data/IDEA_DeFi_Research/Data/eCommerce/Cosmetics/preprocessed_user_time//preloaded//vocab/dynamic_vocab_ob
2025-02-26 14:31:38,619 - dataset.preload - INFO - saving vocab at /data/IDEA_DeFi_Research/Data/eCommerce/Cosmetics/preprocessed_user_time//preloaded//vocab/time_feature_vocab.nb
2025-02-26 14:31:38,621 - dataset.preload - INFO - saving vocab object at /data/IDEA_DeFi_Research/Data/eCommerce/Cosmetics/preprocessed_user_time//preloaded//vocab/time_feature_vocab_ob
2025-02-26 14:31:38,621 - dataset.preload - INFO - saving vocab at /data/IDEA_DeFi_Research/Data/eCommerce/Cosmetics/preprocessed_user_time//preloaded//vocab/static_vocab.nb
2025-02-26 14:31:38,624 - dataset.preload - INFO - saving vocab object at /data/IDEA_DeFi_Research/Data/eCommerce/Cosmetics/preprocessed_user_time//preloaded//vocab/static_vocab_ob
2025-02-26 14:31:38,625 - dataset.preload - INFO - cached encoder is read from /data/IDEA_DeFi_Research/Data/eCommerce/Cosmetics/preprocessed_user_time/preloaded/transactions_user_time_train.encoder_fit.pkl
2025-02-26 14:31:47,808 - dataset.preload - INFO - read data : (1265587, 51)
2025-02-26 14:31:47,808 - dataset.preload - INFO - /data/IDEA_DeFi_Research/Data/eCommerce/Cosmetics/preprocessed_user_time/transactions_user_time_test.csv is read.
2025-02-26 14:31:47,808 - dataset.preload - INFO - nan resolution.
2025-02-26 14:31:49,022 - dataset.preload - INFO - timestamp fit transform
2025-02-26 14:31:49,022 - dataset.preload - INFO - label-fit-transform.
2025-02-26 14:31:50,299 - dataset.preload - INFO - amount quant transform
2025-02-26 14:31:50,299 - dataset.preload - INFO - skipping col rowNumber
2025-02-26 14:31:50,299 - dataset.preload - INFO - skipping col user
2025-02-26 14:31:50,299 - dataset.preload - INFO - skipping col timestamp
2025-02-26 14:31:50,299 - dataset.preload - INFO - skipping col id
2025-02-26 14:31:50,300 - dataset.preload - INFO - encoding product_id
2025-02-26 14:31:50,326 - dataset.preload - INFO - encoding amount
2025-02-26 14:31:50,350 - dataset.preload - INFO - encoding timeOfDay
2025-02-26 14:31:50,364 - dataset.preload - INFO - encoding dayOfWeek
2025-02-26 14:31:50,376 - dataset.preload - INFO - encoding dayOfMonth
2025-02-26 14:31:50,386 - dataset.preload - INFO - encoding dayOfYear
2025-02-26 14:31:50,395 - dataset.preload - INFO - encoding quarter
2025-02-26 14:31:50,404 - dataset.preload - INFO - encoding dayOfQuarter
2025-02-26 14:31:50,414 - dataset.preload - INFO - encoding sinTimeOfDay
2025-02-26 14:31:50,429 - dataset.preload - INFO - encoding cosTimeOfDay
2025-02-26 14:31:50,440 - dataset.preload - INFO - encoding sinDayOfWeek
2025-02-26 14:31:50,453 - dataset.preload - INFO - encoding cosDayOfWeek
2025-02-26 14:31:50,465 - dataset.preload - INFO - encoding sinDayOfMonth
2025-02-26 14:31:50,477 - dataset.preload - INFO - encoding cosDayOfMonth
2025-02-26 14:31:50,489 - dataset.preload - INFO - encoding sinDayOfQuarter
2025-02-26 14:31:50,499 - dataset.preload - INFO - encoding cosDayOfQuarter
2025-02-26 14:31:50,508 - dataset.preload - INFO - encoding sinDayOfYear
2025-02-26 14:31:50,517 - dataset.preload - INFO - encoding cosDayOfYear
2025-02-26 14:31:50,526 - dataset.preload - INFO - encoding sinQuarter
2025-02-26 14:31:50,534 - dataset.preload - INFO - encoding cosQuarter
2025-02-26 14:31:50,541 - dataset.preload - INFO - encoding userSecondsSinceFirstTransaction
2025-02-26 14:31:50,557 - dataset.preload - INFO - encoding userSecondsSincePreviousTransaction
2025-02-26 14:31:50,587 - dataset.preload - INFO - encoding userViewCount
2025-02-26 14:31:50,600 - dataset.preload - INFO - encoding userViewSumAmount
2025-02-26 14:31:50,614 - dataset.preload - INFO - encoding userViewAvgAmount
2025-02-26 14:31:50,631 - dataset.preload - INFO - encoding userRemove_from_cartCount
2025-02-26 14:31:50,640 - dataset.preload - INFO - encoding userRemove_from_cartSumAmount
2025-02-26 14:31:50,650 - dataset.preload - INFO - encoding userRemove_from_cartAvgAmount
2025-02-26 14:31:50,661 - dataset.preload - INFO - encoding userCartCount
2025-02-26 14:31:50,673 - dataset.preload - INFO - encoding userCartSumAmount
2025-02-26 14:31:50,685 - dataset.preload - INFO - encoding userCartAvgAmount
2025-02-26 14:31:50,698 - dataset.preload - INFO - encoding userPurchaseCount
2025-02-26 14:31:50,704 - dataset.preload - INFO - encoding userPurchaseSumAmount
2025-02-26 14:31:50,711 - dataset.preload - INFO - encoding userPurchaseAvgAmount
2025-02-26 14:31:50,718 - dataset.preload - INFO - encoding userActiveDaysWeekly
2025-02-26 14:31:50,728 - dataset.preload - INFO - encoding userActiveDaysMonthly
2025-02-26 14:31:50,738 - dataset.preload - INFO - encoding userActiveDaysYearly
2025-02-26 14:31:50,749 - dataset.preload - INFO - encoding timeFeature
2025-02-26 14:31:50,759 - dataset.preload - INFO - encoding Year
2025-02-26 14:31:50,857 - dataset.preload - INFO - writing cached csv to /data/IDEA_DeFi_Research/Data/eCommerce/Cosmetics/preprocessed_user_time/preloaded/transactions_user_time_test.encoded.csv
2025-02-26 14:31:50,857 - dataset.preload - INFO - writing to file /data/IDEA_DeFi_Research/Data/eCommerce/Cosmetics/preprocessed_user_time/preloaded/transactions_user_time_test.encoded.csv
2025-02-26 14:32:02,011 - dataset.preload - INFO - writing cached encoder fit to /data/IDEA_DeFi_Research/Data/eCommerce/Cosmetics/preprocessed_user_time/preloaded/transactions_user_time_test.encoder_fit.pkl
2025-02-26 14:32:02,060 - root - INFO - preload complete
2025-02-26 14:32:02,060 - root - INFO - Running process
2025-02-27 07:24:08,818 - root - INFO - Running preprocess
2025-02-27 07:26:58,941 - root - INFO - Preprocess complete
2025-02-27 07:26:58,942 - root - INFO - Running preload
2025-02-27 07:27:20,301 - dataset.preload - INFO - read data : (2422845, 51)
2025-02-27 07:27:20,301 - dataset.preload - INFO - /data/IDEA_DeFi_Research/Data/eCommerce/Cosmetics/preprocessed_user_time/transactions_user_time_train.csv is read.
2025-02-27 07:27:20,301 - dataset.preload - INFO - nan resolution.
2025-02-27 07:27:22,609 - dataset.preload - INFO - timestamp fit transform
2025-02-27 07:27:22,609 - dataset.preload - INFO - label-fit-transform.
2025-02-27 07:27:25,003 - dataset.preload - INFO - amount quant transform
2025-02-27 07:27:25,004 - dataset.preload - INFO - skipping col rowNumber
2025-02-27 07:27:25,004 - dataset.preload - INFO - skipping col user
2025-02-27 07:27:25,004 - dataset.preload - INFO - skipping col timestamp
2025-02-27 07:27:25,004 - dataset.preload - INFO - skipping col id
2025-02-27 07:27:25,005 - dataset.preload - INFO - encoding product_id
2025-02-27 07:27:25,122 - dataset.preload - INFO - encoding amount
2025-02-27 07:27:25,228 - dataset.preload - INFO - encoding timeOfDay
2025-02-27 07:27:25,295 - dataset.preload - INFO - encoding dayOfWeek
2025-02-27 07:27:25,348 - dataset.preload - INFO - encoding dayOfMonth
2025-02-27 07:27:25,403 - dataset.preload - INFO - encoding dayOfYear
2025-02-27 07:27:25,460 - dataset.preload - INFO - encoding quarter
2025-02-27 07:27:25,487 - dataset.preload - INFO - encoding dayOfQuarter
2025-02-27 07:27:25,542 - dataset.preload - INFO - encoding sinTimeOfDay
2025-02-27 07:27:25,598 - dataset.preload - INFO - encoding cosTimeOfDay
2025-02-27 07:27:25,636 - dataset.preload - INFO - encoding sinDayOfWeek
2025-02-27 07:27:25,690 - dataset.preload - INFO - encoding cosDayOfWeek
2025-02-27 07:27:25,744 - dataset.preload - INFO - encoding sinDayOfMonth
2025-02-27 07:27:25,801 - dataset.preload - INFO - encoding cosDayOfMonth
2025-02-27 07:27:25,856 - dataset.preload - INFO - encoding sinDayOfQuarter
2025-02-27 07:27:25,912 - dataset.preload - INFO - encoding cosDayOfQuarter
2025-02-27 07:27:25,968 - dataset.preload - INFO - encoding sinDayOfYear
2025-02-27 07:27:26,024 - dataset.preload - INFO - encoding cosDayOfYear
2025-02-27 07:27:26,081 - dataset.preload - INFO - encoding sinQuarter
2025-02-27 07:27:26,122 - dataset.preload - INFO - encoding cosQuarter
2025-02-27 07:27:26,162 - dataset.preload - INFO - encoding userSecondsSinceFirstTransaction
2025-02-27 07:27:26,230 - dataset.preload - INFO - encoding userSecondsSincePreviousTransaction
2025-02-27 07:27:26,346 - dataset.preload - INFO - encoding userViewCount
2025-02-27 07:27:26,409 - dataset.preload - INFO - encoding userViewSumAmount
2025-02-27 07:27:26,480 - dataset.preload - INFO - encoding userViewAvgAmount
2025-02-27 07:27:26,553 - dataset.preload - INFO - encoding userRemove_from_cartCount
2025-02-27 07:27:26,593 - dataset.preload - INFO - encoding userRemove_from_cartSumAmount
2025-02-27 07:27:26,634 - dataset.preload - INFO - encoding userRemove_from_cartAvgAmount
2025-02-27 07:27:26,677 - dataset.preload - INFO - encoding userCartCount
2025-02-27 07:27:26,730 - dataset.preload - INFO - encoding userCartSumAmount
2025-02-27 07:27:26,781 - dataset.preload - INFO - encoding userCartAvgAmount
2025-02-27 07:27:26,837 - dataset.preload - INFO - encoding userPurchaseCount
2025-02-27 07:27:26,854 - dataset.preload - INFO - encoding userPurchaseSumAmount
2025-02-27 07:27:26,872 - dataset.preload - INFO - encoding userPurchaseAvgAmount
2025-02-27 07:27:26,892 - dataset.preload - INFO - encoding userActiveDaysWeekly
2025-02-27 07:27:26,943 - dataset.preload - INFO - encoding userActiveDaysMonthly
2025-02-27 07:27:26,993 - dataset.preload - INFO - encoding userActiveDaysYearly
2025-02-27 07:27:27,045 - dataset.preload - INFO - encoding timeFeature
2025-02-27 07:27:27,093 - dataset.preload - INFO - encoding Year
2025-02-27 07:27:27,376 - dataset.preload - INFO - writing cached csv to /data/IDEA_DeFi_Research/Data/eCommerce/Cosmetics/preprocessed_user_time/preloaded/transactions_user_time_train.encoded.csv
2025-02-27 07:27:27,377 - dataset.preload - INFO - writing to file /data/IDEA_DeFi_Research/Data/eCommerce/Cosmetics/preprocessed_user_time/preloaded/transactions_user_time_train.encoded.csv
2025-02-27 07:27:48,621 - dataset.preload - INFO - writing cached encoder fit to /data/IDEA_DeFi_Research/Data/eCommerce/Cosmetics/preprocessed_user_time/preloaded/transactions_user_time_train.encoder_fit.pkl
2025-02-27 07:27:48,624 - dataset.preload - INFO - starting with 51 columns
2025-02-27 07:27:49,040 - dataset.preload - INFO - total columns: ['rowNumber', 'user', 'timestamp', 'id', 'category_1', 'sinDayOfWeek', 'isWeekend', 'quarter', 'sinTimeOfDay', 'timeOfDay', 'dayOfMonth', 'cosQuarter', 'dayOfWeek', 'sinQuarter', 'product_id', 'cosDayOfQuarter', 'cosDayOfMonth', 'product_brand', 'dayOfQuarter', 'cosDayOfYear', 'category_3', 'cosTimeOfDay', 'newSession', 'sinDayOfYear', 'cosDayOfWeek', 'category_2', 'sinDayOfMonth', 'sinDayOfQuarter', 'type', 'amount', 'dayOfYear', 'Year', 'timeFeature', 'userSecondsSincePreviousTransaction', 'userPurchaseCount', 'userCartSumAmount', 'userIsNew', 'userPurchaseAvgAmount', 'userSecondsSinceFirstTransaction', 'userViewCount', 'userPurchaseSumAmount', 'userActiveDaysYearly', 'userViewAvgAmount', 'userViewSumAmount', 'userRemove_from_cartCount', 'userActiveDaysWeekly', 'userCartCount', 'userActiveDaysMonthly', 'userRemove_from_cartAvgAmount', 'userCartAvgAmount', 'userRemove_from_cartSumAmount'], total dynamic columns: ['category_1', 'sinDayOfWeek', 'isWeekend', 'quarter', 'sinTimeOfDay', 'timeOfDay', 'dayOfMonth', 'cosQuarter', 'dayOfWeek', 'sinQuarter', 'product_id', 'cosDayOfQuarter', 'cosDayOfMonth', 'product_brand', 'dayOfQuarter', 'cosDayOfYear', 'category_3', 'cosTimeOfDay', 'newSession', 'sinDayOfYear', 'cosDayOfWeek', 'category_2', 'sinDayOfMonth', 'sinDayOfQuarter', 'type', 'amount', 'dayOfYear', 'Year'], total time feature columns: ['timeFeature'],total static columns: ['userSecondsSincePreviousTransaction', 'userPurchaseCount', 'userCartSumAmount', 'userIsNew', 'userPurchaseAvgAmount', 'userSecondsSinceFirstTransaction', 'userViewCount', 'userPurchaseSumAmount', 'userActiveDaysYearly', 'userViewAvgAmount', 'userViewSumAmount', 'userRemove_from_cartCount', 'userActiveDaysWeekly', 'userCartCount', 'userActiveDaysMonthly', 'userRemove_from_cartAvgAmount', 'userCartAvgAmount', 'userRemove_from_cartSumAmount']
2025-02-27 07:27:49,040 - dataset.preload - INFO - total dynamic vocabulary size: 472, total time feature vocabulary size: 18, total static vocabulary size: 178
2025-02-27 07:27:49,040 - dataset.preload - INFO - column : category_1, vocab size : 7
2025-02-27 07:27:49,040 - dataset.preload - INFO - column : sinDayOfWeek, vocab size : 8
2025-02-27 07:27:49,040 - dataset.preload - INFO - column : isWeekend, vocab size : 3
2025-02-27 07:27:49,040 - dataset.preload - INFO - column : quarter, vocab size : 2
2025-02-27 07:27:49,040 - dataset.preload - INFO - column : sinTimeOfDay, vocab size : 11
2025-02-27 07:27:49,040 - dataset.preload - INFO - column : timeOfDay, vocab size : 11
2025-02-27 07:27:49,040 - dataset.preload - INFO - column : dayOfMonth, vocab size : 11
2025-02-27 07:27:49,040 - dataset.preload - INFO - column : cosQuarter, vocab size : 2
2025-02-27 07:27:49,041 - dataset.preload - INFO - column : dayOfWeek, vocab size : 8
2025-02-27 07:27:49,041 - dataset.preload - INFO - column : sinQuarter, vocab size : 2
2025-02-27 07:27:49,041 - dataset.preload - INFO - column : product_id, vocab size : 11
2025-02-27 07:27:49,041 - dataset.preload - INFO - column : cosDayOfQuarter, vocab size : 11
2025-02-27 07:27:49,041 - dataset.preload - INFO - column : cosDayOfMonth, vocab size : 11
2025-02-27 07:27:49,041 - dataset.preload - INFO - column : product_brand, vocab size : 245
2025-02-27 07:27:49,041 - dataset.preload - INFO - column : dayOfQuarter, vocab size : 11
2025-02-27 07:27:49,041 - dataset.preload - INFO - column : cosDayOfYear, vocab size : 11
2025-02-27 07:27:49,041 - dataset.preload - INFO - column : category_3, vocab size : 8
2025-02-27 07:27:49,041 - dataset.preload - INFO - column : cosTimeOfDay, vocab size : 11
2025-02-27 07:27:49,041 - dataset.preload - INFO - column : newSession, vocab size : 3
2025-02-27 07:27:49,041 - dataset.preload - INFO - column : sinDayOfYear, vocab size : 11
2025-02-27 07:27:49,041 - dataset.preload - INFO - column : cosDayOfWeek, vocab size : 7
2025-02-27 07:27:49,041 - dataset.preload - INFO - column : category_2, vocab size : 10
2025-02-27 07:27:49,041 - dataset.preload - INFO - column : sinDayOfMonth, vocab size : 10
2025-02-27 07:27:49,041 - dataset.preload - INFO - column : sinDayOfQuarter, vocab size : 11
2025-02-27 07:27:49,041 - dataset.preload - INFO - column : type, vocab size : 5
2025-02-27 07:27:49,041 - dataset.preload - INFO - column : amount, vocab size : 11
2025-02-27 07:27:49,041 - dataset.preload - INFO - column : dayOfYear, vocab size : 11
2025-02-27 07:27:49,041 - dataset.preload - INFO - column : Year, vocab size : 2
2025-02-27 07:27:49,041 - dataset.preload - INFO - column : SPECIAL, vocab size : 7
2025-02-27 07:27:49,041 - dataset.preload - INFO - column : timeFeature, vocab size : 11
2025-02-27 07:27:49,041 - dataset.preload - INFO - column : SPECIAL, vocab size : 7
2025-02-27 07:27:49,041 - dataset.preload - INFO - column : userSecondsSincePreviousTransaction, vocab size : 11
2025-02-27 07:27:49,041 - dataset.preload - INFO - column : userPurchaseCount, vocab size : 11
2025-02-27 07:27:49,041 - dataset.preload - INFO - column : userCartSumAmount, vocab size : 11
2025-02-27 07:27:49,041 - dataset.preload - INFO - column : userIsNew, vocab size : 3
2025-02-27 07:27:49,041 - dataset.preload - INFO - column : userPurchaseAvgAmount, vocab size : 11
2025-02-27 07:27:49,042 - dataset.preload - INFO - column : userSecondsSinceFirstTransaction, vocab size : 11
2025-02-27 07:27:49,042 - dataset.preload - INFO - column : userViewCount, vocab size : 11
2025-02-27 07:27:49,042 - dataset.preload - INFO - column : userPurchaseSumAmount, vocab size : 11
2025-02-27 07:27:49,042 - dataset.preload - INFO - column : userActiveDaysYearly, vocab size : 5
2025-02-27 07:27:49,042 - dataset.preload - INFO - column : userViewAvgAmount, vocab size : 11
2025-02-27 07:27:49,042 - dataset.preload - INFO - column : userViewSumAmount, vocab size : 11
2025-02-27 07:27:49,042 - dataset.preload - INFO - column : userRemove_from_cartCount, vocab size : 11
2025-02-27 07:27:49,042 - dataset.preload - INFO - column : userActiveDaysWeekly, vocab size : 4
2025-02-27 07:27:49,042 - dataset.preload - INFO - column : userCartCount, vocab size : 11
2025-02-27 07:27:49,042 - dataset.preload - INFO - column : userActiveDaysMonthly, vocab size : 5
2025-02-27 07:27:49,042 - dataset.preload - INFO - column : userRemove_from_cartAvgAmount, vocab size : 11
2025-02-27 07:27:49,042 - dataset.preload - INFO - column : userCartAvgAmount, vocab size : 11
2025-02-27 07:27:49,042 - dataset.preload - INFO - column : userRemove_from_cartSumAmount, vocab size : 11
2025-02-27 07:27:49,042 - dataset.preload - INFO - column : SPECIAL, vocab size : 7
2025-02-27 07:27:49,042 - dataset.preload - INFO - saving vocab at /data/IDEA_DeFi_Research/Data/eCommerce/Cosmetics/preprocessed_user_time//preloaded//vocab/dynamic_vocab.nb
2025-02-27 07:27:49,046 - dataset.preload - INFO - saving vocab object at /data/IDEA_DeFi_Research/Data/eCommerce/Cosmetics/preprocessed_user_time//preloaded//vocab/dynamic_vocab_ob
2025-02-27 07:27:49,046 - dataset.preload - INFO - saving vocab at /data/IDEA_DeFi_Research/Data/eCommerce/Cosmetics/preprocessed_user_time//preloaded//vocab/time_feature_vocab.nb
2025-02-27 07:27:49,048 - dataset.preload - INFO - saving vocab object at /data/IDEA_DeFi_Research/Data/eCommerce/Cosmetics/preprocessed_user_time//preloaded//vocab/time_feature_vocab_ob
2025-02-27 07:27:49,048 - dataset.preload - INFO - saving vocab at /data/IDEA_DeFi_Research/Data/eCommerce/Cosmetics/preprocessed_user_time//preloaded//vocab/static_vocab.nb
2025-02-27 07:27:49,050 - dataset.preload - INFO - saving vocab object at /data/IDEA_DeFi_Research/Data/eCommerce/Cosmetics/preprocessed_user_time//preloaded//vocab/static_vocab_ob
2025-02-27 07:27:49,050 - root - INFO - Vocab sizes: 472, 18, 178.
2025-02-27 07:27:49,050 - dataset.preload - INFO - cached encoder is read from /data/IDEA_DeFi_Research/Data/eCommerce/Cosmetics/preprocessed_user_time/preloaded/transactions_user_time_train.encoder_fit.pkl
2025-02-27 07:27:59,816 - dataset.preload - INFO - read data : (1265587, 51)
2025-02-27 07:27:59,816 - dataset.preload - INFO - /data/IDEA_DeFi_Research/Data/eCommerce/Cosmetics/preprocessed_user_time/transactions_user_time_test.csv is read.
2025-02-27 07:27:59,816 - dataset.preload - INFO - nan resolution.
2025-02-27 07:28:01,042 - dataset.preload - INFO - timestamp fit transform
2025-02-27 07:28:01,042 - dataset.preload - INFO - label-fit-transform.
2025-02-27 07:28:02,319 - dataset.preload - INFO - amount quant transform
2025-02-27 07:28:02,319 - dataset.preload - INFO - skipping col rowNumber
2025-02-27 07:28:02,319 - dataset.preload - INFO - skipping col user
2025-02-27 07:28:02,319 - dataset.preload - INFO - skipping col timestamp
2025-02-27 07:28:02,319 - dataset.preload - INFO - skipping col id
2025-02-27 07:28:02,320 - dataset.preload - INFO - encoding product_id
2025-02-27 07:28:02,345 - dataset.preload - INFO - encoding amount
2025-02-27 07:28:02,368 - dataset.preload - INFO - encoding timeOfDay
2025-02-27 07:28:02,381 - dataset.preload - INFO - encoding dayOfWeek
2025-02-27 07:28:02,392 - dataset.preload - INFO - encoding dayOfMonth
2025-02-27 07:28:02,401 - dataset.preload - INFO - encoding dayOfYear
2025-02-27 07:28:02,409 - dataset.preload - INFO - encoding quarter
2025-02-27 07:28:02,416 - dataset.preload - INFO - encoding dayOfQuarter
2025-02-27 07:28:02,426 - dataset.preload - INFO - encoding sinTimeOfDay
2025-02-27 07:28:02,439 - dataset.preload - INFO - encoding cosTimeOfDay
2025-02-27 07:28:02,450 - dataset.preload - INFO - encoding sinDayOfWeek
2025-02-27 07:28:02,461 - dataset.preload - INFO - encoding cosDayOfWeek
2025-02-27 07:28:02,472 - dataset.preload - INFO - encoding sinDayOfMonth
2025-02-27 07:28:02,484 - dataset.preload - INFO - encoding cosDayOfMonth
2025-02-27 07:28:02,495 - dataset.preload - INFO - encoding sinDayOfQuarter
2025-02-27 07:28:02,503 - dataset.preload - INFO - encoding cosDayOfQuarter
2025-02-27 07:28:02,512 - dataset.preload - INFO - encoding sinDayOfYear
2025-02-27 07:28:02,520 - dataset.preload - INFO - encoding cosDayOfYear
2025-02-27 07:28:02,529 - dataset.preload - INFO - encoding sinQuarter
2025-02-27 07:28:02,535 - dataset.preload - INFO - encoding cosQuarter
2025-02-27 07:28:02,542 - dataset.preload - INFO - encoding userSecondsSinceFirstTransaction
2025-02-27 07:28:02,556 - dataset.preload - INFO - encoding userSecondsSincePreviousTransaction
2025-02-27 07:28:02,585 - dataset.preload - INFO - encoding userViewCount
2025-02-27 07:28:02,598 - dataset.preload - INFO - encoding userViewSumAmount
2025-02-27 07:28:02,612 - dataset.preload - INFO - encoding userViewAvgAmount
2025-02-27 07:28:02,629 - dataset.preload - INFO - encoding userRemove_from_cartCount
2025-02-27 07:28:02,638 - dataset.preload - INFO - encoding userRemove_from_cartSumAmount
2025-02-27 07:28:02,647 - dataset.preload - INFO - encoding userRemove_from_cartAvgAmount
2025-02-27 07:28:02,656 - dataset.preload - INFO - encoding userCartCount
2025-02-27 07:28:02,668 - dataset.preload - INFO - encoding userCartSumAmount
2025-02-27 07:28:02,679 - dataset.preload - INFO - encoding userCartAvgAmount
2025-02-27 07:28:02,692 - dataset.preload - INFO - encoding userPurchaseCount
2025-02-27 07:28:02,698 - dataset.preload - INFO - encoding userPurchaseSumAmount
2025-02-27 07:28:02,704 - dataset.preload - INFO - encoding userPurchaseAvgAmount
2025-02-27 07:28:02,710 - dataset.preload - INFO - encoding userActiveDaysWeekly
2025-02-27 07:28:02,719 - dataset.preload - INFO - encoding userActiveDaysMonthly
2025-02-27 07:28:02,728 - dataset.preload - INFO - encoding userActiveDaysYearly
2025-02-27 07:28:02,738 - dataset.preload - INFO - encoding timeFeature
2025-02-27 07:28:02,747 - dataset.preload - INFO - encoding Year
2025-02-27 07:28:02,857 - dataset.preload - INFO - writing cached csv to /data/IDEA_DeFi_Research/Data/eCommerce/Cosmetics/preprocessed_user_time/preloaded/transactions_user_time_test.encoded.csv
2025-02-27 07:28:02,857 - dataset.preload - INFO - writing to file /data/IDEA_DeFi_Research/Data/eCommerce/Cosmetics/preprocessed_user_time/preloaded/transactions_user_time_test.encoded.csv
2025-02-27 07:28:14,121 - dataset.preload - INFO - writing cached encoder fit to /data/IDEA_DeFi_Research/Data/eCommerce/Cosmetics/preprocessed_user_time/preloaded/transactions_user_time_test.encoder_fit.pkl
2025-02-27 07:28:14,127 - root - INFO - Vocab sizes: 472, 18, 178.
2025-02-27 07:28:14,138 - root - INFO - preload complete
2025-02-27 07:28:14,138 - root - INFO - Running process
